<?xml version="1.0" encoding="UTF-8"?>
<testng-results ignored="0" total="1" passed="1" failed="0" skipped="0">
  <reporter-output>
  </reporter-output>
  <suite started-at="2026-05-03T11:18:03 IST" name="SmokeSuite" finished-at="2026-05-03T11:18:03 IST" duration-ms="63">
    <groups>
      <group name="smoke">
        <method signature="Demo1Test.AppleTest()[pri:0, instance:Demo.Demo1Test@48e4374]" name="AppleTest" class="Demo.Demo1Test"/>
      </group> <!-- smoke -->
    </groups>
    <test started-at="2026-05-03T11:18:03 IST" name="Test" finished-at="2026-05-03T11:18:03 IST" duration-ms="63">
      <class name="Demo.Demo1Test">
        <test-method signature="AppleTest()[pri:0, instance:Demo.Demo1Test@48e4374]" started-at="2026-05-03T11:18:03 IST" name="AppleTest" finished-at="2026-05-03T11:18:03 IST" duration-ms="13" status="PASS">
          <reporter-output>
          </reporter-output>
        </test-method> <!-- AppleTest -->
      </class> <!-- Demo.Demo1Test -->
    </test> <!-- Test -->
  </suite> <!-- SmokeSuite -->
</testng-results>
